0 info it worked if it ends with ok
1 verbose cli [ '/usr/bin/nodejs', '/usr/bin/npm', 'run', 'build-web' ]
2 info using npm@3.5.2
3 info using node@v4.2.6
4 verbose run-script [ 'prebuild-web', 'build-web', 'postbuild-web' ]
5 info lifecycle @jscad/web@1.8.0~prebuild-web: @jscad/web@1.8.0
6 silly lifecycle @jscad/web@1.8.0~prebuild-web: no script for prebuild-web, continuing
7 info lifecycle @jscad/web@1.8.0~build-web: @jscad/web@1.8.0
8 verbose lifecycle @jscad/web@1.8.0~build-web: unsafe-perm in lifecycle true
9 verbose lifecycle @jscad/web@1.8.0~build-web: PATH: /usr/share/npm/bin/node-gyp-bin:/home/chevrette/Documents/GitHub_MaurinElectroTextile/Lulu/Hardware/Casing/OpenJSCAD/packages/web/node_modules/.bin:/usr/local/sbin:/usr/local/bin:/usr/sbin:/usr/bin:/sbin:/bin:/usr/games:/usr/local/games
10 verbose lifecycle @jscad/web@1.8.0~build-web: CWD: /home/chevrette/Documents/GitHub_MaurinElectroTextile/Lulu/Hardware/Casing/OpenJSCAD/packages/web
11 silly lifecycle @jscad/web@1.8.0~build-web: Args: [ '-c',
11 silly lifecycle   'browserify src/ui/index.js -o dist/index.js -t [babelify browserify minifyify]' ]
12 info lifecycle @jscad/web@1.8.0~build-web: Failed to exec build-web script
13 verbose stack Error: @jscad/web@1.8.0 build-web: `browserify src/ui/index.js -o dist/index.js -t [babelify browserify minifyify]`
13 verbose stack spawn ENOENT
13 verbose stack     at ChildProcess.<anonymous> (/usr/share/npm/lib/utils/spawn.js:17:16)
13 verbose stack     at emitTwo (events.js:87:13)
13 verbose stack     at ChildProcess.emit (events.js:172:7)
13 verbose stack     at maybeClose (internal/child_process.js:821:16)
13 verbose stack     at Process.ChildProcess._handle.onexit (internal/child_process.js:211:5)
14 verbose pkgid @jscad/web@1.8.0
15 verbose cwd /home/chevrette/Documents/GitHub_MaurinElectroTextile/Lulu/Hardware/Casing/OpenJSCAD/packages/web
16 error Linux 4.4.0-116-generic
17 error argv "/usr/bin/nodejs" "/usr/bin/npm" "run" "build-web"
18 error node v4.2.6
19 error npm  v3.5.2
20 error file sh
21 error code ELIFECYCLE
22 error errno ENOENT
23 error syscall spawn
24 error @jscad/web@1.8.0 build-web: `browserify src/ui/index.js -o dist/index.js -t [babelify browserify minifyify]`
24 error spawn ENOENT
25 error Failed at the @jscad/web@1.8.0 build-web script 'browserify src/ui/index.js -o dist/index.js -t [babelify browserify minifyify]'.
25 error Make sure you have the latest version of node.js and npm installed.
25 error If you do, this is most likely a problem with the @jscad/web package,
25 error not with npm itself.
25 error Tell the author that this fails on your system:
25 error     browserify src/ui/index.js -o dist/index.js -t [babelify browserify minifyify]
25 error You can get information on how to open an issue for this project with:
25 error     npm bugs @jscad/web
25 error Or if that isn't available, you can get their info via:
25 error     npm owner ls @jscad/web
25 error There is likely additional logging output above.
26 verbose exit [ 1, true ]
